SF:lib/core/services/llm/llm_stream_chunk.dart
DA:21,0
DA:22,0
LF:2
LH:0
end_of_record
SF:lib/core/services/llm/llm_stream_chunk.g.dart
DA:9,0
DA:10,0
DA:11,0
DA:12,0
DA:13,0
DA:16,0
DA:17,0
DA:18,0
DA:19,0
DA:20,0
DA:23,0
DA:24,0
DA:25,0
DA:26,0
DA:29,0
DA:31,0
DA:32,0
DA:33,0
DA:36,0
DA:38,0
DA:40,0
DA:42,0
LF:22
LH:0
end_of_record
SF:lib/core/services/stream_processor/sentence_chunk.dart
DA:25,0
DA:26,0
LF:2
LH:0
end_of_record
SF:lib/core/services/stream_processor/sentence_chunk.g.dart
DA:9,0
DA:11,0
DA:12,0
DA:13,0
DA:14,0
DA:17,0
DA:19,0
DA:20,0
DA:21,0
DA:22,0
DA:25,0
DA:27,0
DA:28,0
DA:29,0
DA:32,0
DA:34,0
DA:36,0
DA:38,0
DA:40,0
DA:42,0
DA:44,0
DA:45,0
DA:46,0
DA:47,0
DA:50,0
DA:51,0
DA:52,0
DA:53,0
LF:28
LH:0
end_of_record
SF:lib/core/services/stream_processor/stream_processor_service.dart
DA:16,1
DA:22,2
DA:24,1
DA:25,1
DA:26,1
DA:29,2
DA:37,1
DA:38,1
DA:41,1
DA:42,0
DA:43,0
DA:44,0
DA:47,0
DA:48,0
DA:55,2
DA:56,2
DA:57,2
DA:58,1
DA:59,1
DA:61,1
DA:68,2
DA:69,0
DA:70,0
DA:73,0
DA:77,0
DA:78,0
DA:79,0
DA:80,0
DA:85,0
DA:93,1
DA:98,0
DA:99,0
DA:100,0
DA:102,0
DA:103,0
DA:105,0
DA:106,0
DA:107,0
DA:108,0
DA:111,0
DA:117,2
DA:123,2
DA:124,2
LF:43
LH:20
end_of_record
SF:lib/core/services/stream_processor/json_stream_extractor.dart
DA:11,1
DA:16,2
DA:17,2
DA:21,1
DA:22,1
DA:24,5
DA:25,2
DA:29,1
DA:32,2
DA:33,4
DA:37,1
DA:38,0
DA:39,0
DA:40,0
DA:45,0
DA:47,0
DA:54,0
DA:55,0
DA:64,0
DA:65,0
DA:69,1
DA:70,2
DA:74,3
LF:23
LH:14
end_of_record
SF:lib/core/utils/logger.dart
DA:6,0
DA:32,0
DA:36,0
DA:37,0
DA:38,0
DA:39,0
DA:40,0
DA:41,0
DA:44,0
DA:45,0
DA:46,0
DA:47,0
DA:48,0
DA:49,0
DA:52,0
DA:53,0
DA:54,0
DA:55,0
DA:56,0
DA:57,0
DA:60,0
DA:61,0
DA:62,0
DA:63,0
DA:64,0
DA:65,0
DA:68,0
DA:69,0
DA:70,0
DA:71,0
DA:72,0
DA:73,0
DA:76,0
DA:77,0
DA:78,0
DA:79,0
DA:80,0
DA:81,0
DA:86,0
DA:92,0
DA:101,0
DA:102,0
DA:105,0
DA:106,0
DA:109,0
DA:115,0
DA:126,0
DA:133,0
DA:135,0
DA:137,0
DA:138,0
DA:139,0
DA:140,0
DA:141,0
DA:142,0
DA:144,0
DA:145,0
DA:146,0
DA:147,0
DA:148,0
DA:149,0
DA:150,0
DA:154,0
DA:157,0
DA:158,0
DA:159,0
DA:160,0
DA:161,0
DA:162,0
DA:163,0
DA:164,0
DA:165,0
DA:167,0
DA:170,0
DA:171,0
DA:175,0
DA:176,0
DA:177,0
DA:178,0
DA:179,0
DA:184,0
DA:185,0
DA:186,0
DA:187,0
DA:188,0
DA:189,0
DA:191,0
DA:192,0
DA:193,0
LF:89
LH:0
end_of_record
SF:lib/core/services/stream_processor/sentence_splitter.dart
DA:3,3
DA:14,1
DA:15,1
DA:16,2
DA:18,1
DA:20,3
DA:21,2
DA:24,1
DA:25,2
DA:27,3
DA:28,0
DA:29,0
DA:30,0
DA:31,0
DA:33,0
DA:38,2
DA:44,0
DA:47,0
DA:50,1
DA:51,1
DA:52,1
DA:56,1
DA:57,1
DA:58,3
DA:59,3
DA:61,1
LF:26
LH:19
end_of_record
SF:lib/core/models/function_info.dart
DA:10,0
DA:25,0
DA:32,0
DA:33,0
LF:4
LH:0
end_of_record
SF:lib/core/models/llm_config.dart
DA:53,0
DA:54,0
DA:57,0
DA:65,0
DA:66,0
LF:5
LH:0
end_of_record
SF:lib/core/models/llm_config.g.dart
DA:9,0
DA:10,0
DA:11,0
DA:12,0
DA:13,0
DA:14,0
DA:15,0
DA:17,0
DA:19,0
DA:24,0
DA:25,0
DA:26,0
DA:27,0
DA:28,0
DA:29,0
DA:30,0
DA:31,0
DA:33,0
LF:18
LH:0
end_of_record
SF:lib/core/models/llm_message.dart
DA:8,0
DA:10,0
DA:11,0
DA:12,0
DA:13,0
LF:5
LH:0
end_of_record
SF:lib/core/services/llm/llm_service.dart
DA:19,0
DA:21,0
DA:22,0
DA:25,0
DA:26,0
DA:31,0
DA:35,0
DA:39,0
DA:45,0
DA:47,0
DA:48,0
DA:51,0
DA:52,0
DA:53,0
DA:54,0
DA:56,0
DA:64,0
DA:67,0
DA:68,0
DA:70,0
DA:72,0
DA:73,0
DA:77,0
DA:79,0
DA:84,0
DA:86,0
DA:87,0
DA:88,0
DA:90,0
DA:92,0
DA:94,0
DA:95,0
DA:99,0
DA:101,0
DA:102,0
DA:103,0
DA:104,0
DA:105,0
DA:106,0
DA:108,0
DA:111,0
DA:114,0
DA:116,0
DA:117,0
DA:118,0
DA:119,0
DA:123,0
DA:124,0
DA:125,0
DA:126,0
DA:128,0
DA:131,0
DA:139,0
DA:141,0
DA:144,0
DA:145,0
DA:146,0
DA:149,0
DA:150,0
DA:152,0
DA:156,0
DA:160,0
DA:161,0
DA:167,0
DA:168,0
DA:169,0
DA:171,0
DA:173,0
DA:177,0
DA:178,0
DA:183,0
DA:185,0
DA:187,0
DA:189,0
DA:191,0
DA:192,0
DA:194,0
DA:198,0
DA:203,0
DA:211,0
DA:217,0
DA:218,0
DA:219,0
DA:222,0
DA:223,0
DA:225,0
DA:230,0
DA:234,0
DA:235,0
DA:241,0
DA:242,0
DA:244,0
DA:246,0
DA:248,0
DA:250,0
DA:253,0
DA:254,0
DA:255,0
DA:256,0
DA:259,0
DA:264,0
DA:265,0
DA:266,0
DA:267,0
DA:268,0
DA:269,0
DA:271,0
DA:272,0
DA:279,0
DA:280,0
DA:281,0
DA:284,0
DA:286,0
DA:288,0
DA:289,0
DA:291,0
DA:293,0
DA:295,0
DA:299,0
DA:300,0
DA:306,0
DA:311,0
DA:315,0
DA:323,0
DA:324,0
DA:325,0
DA:330,0
DA:331,0
DA:333,0
DA:334,0
DA:335,0
DA:336,0
DA:338,0
DA:339,0
DA:340,0
DA:343,0
DA:344,0
DA:345,0
DA:346,0
DA:350,0
DA:352,0
DA:353,0
DA:360,0
DA:361,0
DA:362,0
DA:364,0
DA:366,0
DA:369,0
DA:371,0
DA:373,0
DA:375,0
DA:377,0
DA:379,0
DA:381,0
DA:383,0
DA:384,0
DA:388,0
DA:389,0
DA:390,0
DA:393,0
DA:394,0
DA:399,0
DA:402,0
DA:403,0
DA:404,0
DA:405,0
DA:406,0
DA:407,0
DA:414,0
DA:416,0
DA:417,0
DA:420,0
DA:423,0
DA:428,0
DA:432,0
LF:175
LH:0
end_of_record
