SF:lib/core/models/sound_effects.dart
DA:30,0
DA:33,0
DA:35,0
DA:36,0
DA:46,0
DA:57,0
DA:58,0
LF:7
LH:0
end_of_record
SF:lib/core/models/sound_effects.g.dart
DA:9,0
DA:10,0
DA:11,0
DA:12,0
DA:15,0
DA:16,0
DA:17,0
DA:18,0
DA:19,0
LF:9
LH:0
end_of_record
SF:lib/core/models/avatar_config.dart
DA:79,4
DA:81,0
DA:84,4
DA:85,4
DA:86,8
DA:87,8
DA:88,8
DA:89,8
DA:90,8
DA:91,8
DA:95,4
DA:96,4
DA:97,4
DA:99,4
DA:101,8
DA:102,8
DA:103,4
DA:105,4
DA:107,4
DA:109,4
DA:111,4
DA:113,4
DA:118,1
DA:120,13
DA:123,6
DA:125,6
DA:127,6
DA:129,2
DA:130,8
DA:144,3
DA:146,0
DA:147,0
DA:150,0
DA:151,0
DA:152,0
DA:153,0
DA:155,0
DA:158,0
DA:159,0
DA:161,0
DA:162,0
DA:164,0
DA:165,0
DA:167,0
DA:170,0
DA:171,0
DA:173,0
DA:176,0
DA:177,0
DA:179,0
DA:182,0
DA:183,0
DA:185,0
DA:193,2
DA:195,0
DA:198,0
DA:201,0
DA:203,0
DA:209,0
DA:210,0
DA:211,0
DA:217,0
DA:219,0
DA:220,0
DA:221,0
DA:224,0
DA:225,0
DA:226,0
DA:227,0
DA:229,0
DA:231,0
DA:238,0
DA:240,0
DA:246,0
DA:251,0
DA:258,0
DA:265,0
DA:270,0
DA:275,0
DA:280,0
LF:80
LH:30
end_of_record
SF:lib/core/models/avatar_config.g.dart
DA:9,0
DA:11,0
DA:13,0
DA:15,0
DA:18,0
DA:21,0
DA:24,0
DA:28,0
DA:29,0
DA:30,0
DA:31,0
DA:32,0
DA:33,0
DA:34,0
DA:106,0
DA:107,0
DA:108,0
DA:110,0
DA:112,0
DA:113,0
DA:114,0
DA:115,0
DA:116,0
DA:117,0
DA:118,0
DA:122,0
DA:123,0
DA:124,0
DA:125,0
DA:126,0
DA:127,0
DA:128,0
DA:129,0
DA:130,0
LF:34
LH:0
end_of_record
SF:lib/core/utils/app_utils.dart
DA:6,0
DA:12,0
DA:15,0
DA:17,0
LF:4
LH:0
end_of_record
SF:lib/core/utils/extensions.dart
DA:6,0
DA:7,0
DA:26,0
DA:32,0
DA:33,0
DA:38,1
DA:39,1
DA:40,0
DA:41,0
DA:43,0
DA:46,1
DA:47,2
DA:48,0
DA:53,0
DA:54,0
DA:55,0
DA:56,0
DA:59,0
DA:64,0
DA:66,0
DA:74,0
DA:76,4
DA:77,12
DA:78,4
DA:79,12
DA:80,0
DA:84,0
DA:85,0
DA:86,0
DA:89,0
DA:90,0
DA:91,0
LF:32
LH:8
end_of_record
SF:lib/core/utils/platform_utils.dart
DA:6,2
DA:8,2
DA:10,2
DA:12,2
DA:14,2
DA:16,2
DA:23,0
DA:24,0
DA:25,0
LF:9
LH:6
end_of_record
SF:lib/core/models/voice_effect.dart
DA:6,1
DA:8,0
DA:9,0
DA:10,0
DA:11,0
DA:15,0
DA:16,0
LF:7
LH:1
end_of_record
SF:lib/core/models/llm_message.dart
DA:8,2
DA:10,2
DA:11,2
DA:12,4
DA:13,2
LF:5
LH:5
end_of_record
SF:lib/features/chat/domain/models/chat.dart
DA:17,1
DA:19,0
DA:20,0
DA:22,0
DA:23,0
DA:28,6
DA:42,0
DA:45,2
DA:46,2
DA:47,2
DA:48,10
DA:49,4
DA:50,2
DA:51,2
DA:52,4
DA:54,2
DA:55,2
DA:59,2
DA:60,2
DA:61,2
DA:62,2
DA:63,4
DA:64,4
DA:67,2
DA:68,2
DA:70,2
DA:71,2
DA:72,4
DA:74,2
DA:75,2
DA:81,2
DA:82,2
DA:83,4
DA:84,4
DA:85,2
DA:86,2
DA:87,4
DA:90,2
DA:91,2
LF:39
LH:34
end_of_record
SF:lib/features/chat/domain/models/chat.g.dart
DA:9,0
DA:10,0
DA:12,0
DA:13,0
DA:14,0
DA:16,0
DA:18,0
DA:19,0
DA:21,0
DA:22,0
DA:24,0
DA:26,0
DA:27,0
DA:30,0
DA:31,0
DA:32,0
DA:33,0
DA:34,0
DA:35,0
DA:36,0
DA:37,0
DA:38,0
LF:22
LH:0
end_of_record
SF:lib/features/chat/domain/models/chat_entry.dart
DA:22,5
DA:24,2
DA:26,2
DA:27,4
DA:29,0
DA:30,0
DA:31,0
DA:33,2
DA:34,2
DA:35,2
DA:37,2
DA:39,2
DA:40,4
DA:41,2
DA:45,2
DA:46,2
DA:47,2
DA:48,4
DA:49,2
DA:50,4
DA:51,2
DA:57,0
DA:58,0
DA:62,0
DA:63,0
DA:64,0
DA:67,0
DA:68,0
DA:71,0
DA:75,0
DA:76,0
DA:77,0
DA:78,0
DA:81,0
DA:87,0
DA:94,0
DA:97,0
DA:99,0
DA:100,0
DA:103,0
DA:104,0
DA:105,0
DA:108,0
DA:109,0
DA:112,0
DA:113,0
DA:117,0
LF:47
LH:18
end_of_record
SF:lib/core/utils/logger.dart
DA:6,0
DA:32,24
DA:36,12
DA:37,12
DA:38,20
DA:39,9
DA:40,9
DA:41,10
DA:44,12
DA:45,12
DA:46,20
DA:47,9
DA:48,11
DA:49,15
DA:52,12
DA:53,12
DA:54,12
DA:55,7
DA:56,7
DA:57,5
DA:60,12
DA:61,12
DA:62,12
DA:63,7
DA:64,9
DA:65,10
DA:68,12
DA:69,12
DA:70,12
DA:71,7
DA:72,7
DA:73,5
DA:76,12
DA:77,12
DA:78,12
DA:79,7
DA:80,7
DA:81,5
DA:86,8
DA:92,8
DA:101,2
DA:102,2
DA:105,2
DA:106,2
DA:109,5
DA:115,5
DA:126,12
DA:133,48
DA:135,12
DA:137,12
DA:138,12
DA:139,12
DA:140,12
DA:141,12
DA:142,12
DA:144,12
DA:145,12
DA:146,12
DA:147,12
DA:148,12
DA:149,12
DA:150,36
DA:154,12
DA:157,12
DA:158,12
DA:159,24
DA:160,12
DA:161,24
DA:162,24
DA:163,12
DA:164,12
DA:165,24
DA:167,36
DA:170,16
DA:171,16
DA:175,0
DA:176,0
DA:177,0
DA:178,0
DA:179,0
DA:184,12
DA:185,36
DA:186,24
DA:187,12
DA:188,12
DA:189,24
DA:191,0
DA:192,0
DA:193,0
LF:89
LH:80
end_of_record
SF:lib/core/services/audio/audio_amplitude_service.dart
DA:8,0
DA:9,0
DA:17,0
DA:19,0
DA:20,0
DA:21,0
DA:26,0
DA:27,0
DA:32,0
LF:9
LH:0
end_of_record
SF:lib/core/services/audio/audio_player_service.dart
DA:11,0
DA:13,0
DA:16,0
DA:18,0
DA:19,0
DA:22,0
DA:23,0
DA:24,0
DA:29,0
DA:39,0
DA:41,0
DA:43,0
DA:52,0
DA:53,0
DA:57,0
DA:58,0
DA:59,0
DA:60,0
DA:62,0
LF:19
LH:0
end_of_record
SF:lib/features/chat/presentation/bloc/chat_tts_cubit.dart
DA:20,1
DA:29,2
DA:30,1
DA:41,1
DA:42,1
DA:43,1
DA:44,4
DA:45,1
DA:46,1
DA:47,1
DA:50,1
DA:52,0
DA:53,0
DA:63,1
DA:65,1
DA:66,1
DA:71,2
DA:74,1
DA:75,1
DA:76,1
DA:77,2
DA:83,3
DA:84,2
DA:88,4
DA:91,2
DA:92,1
DA:93,3
DA:98,2
DA:101,2
DA:105,0
DA:113,1
DA:114,4
DA:117,0
DA:118,0
DA:121,1
DA:122,1
DA:126,1
DA:127,3
DA:129,2
DA:136,1
DA:137,5
DA:141,1
DA:143,3
DA:144,1
DA:145,3
DA:147,4
DA:151,1
DA:152,1
DA:153,2
DA:155,1
DA:156,4
DA:160,1
DA:163,4
DA:165,0
DA:170,0
DA:171,0
DA:174,0
DA:180,1
DA:182,2
DA:183,2
DA:184,1
LF:61
LH:52
end_of_record
SF:lib/features/chat/presentation/bloc/chat_tts_state.dart
DA:15,1
LF:1
LH:1
end_of_record
SF:lib/features/sound/domain/tts_queue_manager.dart
DA:25,1
DA:31,4
DA:32,2
DA:37,3
DA:40,3
DA:43,2
DA:46,1
DA:53,2
DA:55,1
DA:56,2
DA:57,1
DA:61,1
DA:67,1
DA:69,1
DA:70,7
DA:75,2
DA:76,1
DA:81,1
DA:82,2
DA:83,1
DA:84,1
DA:85,1
DA:89,1
DA:90,1
DA:94,1
DA:95,1
DA:99,1
DA:100,1
DA:102,1
DA:103,1
DA:104,2
DA:105,1
DA:109,1
DA:111,2
DA:113,4
DA:114,7
DA:117,5
DA:118,5
DA:125,2
DA:128,1
DA:129,4
DA:131,1
DA:132,2
DA:135,4
DA:138,1
DA:139,8
DA:144,2
DA:145,1
DA:146,1
DA:147,1
DA:151,4
DA:158,2
DA:160,1
DA:161,1
DA:166,2
DA:169,3
DA:170,2
DA:172,1
DA:175,1
DA:178,1
DA:179,2
DA:185,2
DA:188,2
DA:189,0
DA:191,0
DA:194,1
DA:200,1
DA:201,2
DA:202,2
DA:203,2
LF:70
LH:68
end_of_record
SF:lib/features/talking/presentation/bloc/talking_cubit.dart
DA:15,2
DA:16,2
DA:18,9
DA:21,1
DA:31,1
DA:33,1
DA:37,2
DA:38,2
DA:41,4
DA:43,3
DA:48,2
DA:49,2
DA:53,4
DA:54,2
DA:56,3
DA:62,1
DA:63,1
DA:64,3
DA:67,1
DA:68,1
DA:69,3
DA:75,2
DA:76,2
DA:77,2
DA:78,4
DA:79,2
DA:83,0
DA:84,0
DA:87,0
DA:88,0
DA:89,0
DA:90,0
DA:91,0
DA:92,0
DA:93,0
DA:94,0
DA:95,0
DA:96,0
DA:97,0
DA:98,0
DA:109,0
DA:115,0
DA:116,0
DA:121,0
DA:123,0
DA:124,0
DA:128,0
DA:132,0
DA:134,0
DA:135,0
DA:136,0
DA:138,0
DA:139,0
DA:144,0
DA:147,0
DA:148,0
DA:149,0
DA:152,0
DA:153,0
DA:154,0
DA:158,0
DA:159,0
DA:160,0
DA:162,0
DA:166,0
DA:167,0
DA:173,0
DA:174,0
DA:175,0
DA:176,0
DA:177,0
DA:182,0
DA:185,0
DA:187,0
DA:191,0
DA:199,0
DA:202,2
DA:204,2
DA:205,4
DA:206,2
LF:80
LH:30
end_of_record
SF:lib/features/talking/presentation/bloc/talking_state.dart
DA:41,2
DA:42,4
DA:46,1
DA:47,2
DA:51,2
DA:54,2
DA:55,2
DA:56,2
DA:57,1
DA:58,1
DA:59,1
DA:60,1
DA:66,1
DA:71,1
LF:14
LH:14
end_of_record
SF:lib/core/services/audio/interruption_service.dart
DA:14,18
DA:17,2
DA:23,6
DA:25,6
DA:26,6
DA:27,12
DA:29,0
DA:38,2
DA:39,2
DA:40,2
DA:44,7
DA:45,14
LF:12
LH:11
end_of_record
SF:lib/core/models/function_info.dart
DA:10,1
DA:25,0
DA:32,0
DA:33,0
LF:4
LH:1
end_of_record
SF:lib/core/models/llm_config.dart
DA:53,1
DA:54,1
DA:57,0
DA:65,0
DA:66,0
LF:5
LH:2
end_of_record
SF:lib/core/models/llm_config.g.dart
DA:9,2
DA:10,1
DA:11,1
DA:12,1
DA:13,1
DA:14,1
DA:15,2
DA:17,1
DA:19,1
DA:24,1
DA:25,1
DA:26,1
DA:27,1
DA:28,1
DA:29,1
DA:30,1
DA:31,1
DA:33,2
LF:18
LH:18
end_of_record
SF:lib/core/models/task_llm_config.dart
DA:20,0
DA:21,0
LF:2
LH:0
end_of_record
SF:lib/core/models/task_llm_config.g.dart
DA:9,0
DA:10,0
DA:11,0
DA:12,0
DA:13,0
DA:16,0
DA:17,0
DA:18,0
DA:19,0
DA:20,0
LF:10
LH:0
end_of_record
SF:lib/core/services/llm/llm_config_manager.dart
DA:20,1
DA:21,1
DA:22,1
DA:25,1
DA:26,1
DA:27,3
DA:28,1
DA:30,0
DA:38,2
DA:41,0
DA:43,2
DA:44,2
DA:45,2
DA:49,6
DA:51,0
DA:56,1
DA:57,6
DA:58,1
DA:59,2
DA:61,2
DA:63,1
DA:65,3
DA:66,2
DA:70,0
DA:71,0
DA:72,0
DA:73,0
DA:74,0
DA:75,0
DA:76,0
DA:78,0
DA:81,0
DA:84,1
DA:85,5
DA:86,1
DA:87,1
DA:88,1
DA:92,1
DA:93,1
DA:94,1
DA:95,5
DA:97,1
DA:100,0
DA:102,0
DA:103,0
DA:104,0
DA:106,0
DA:115,0
DA:117,0
DA:118,0
DA:119,0
DA:120,0
DA:121,0
DA:122,0
DA:126,0
DA:128,0
DA:129,0
DA:133,0
DA:135,0
DA:136,0
DA:142,0
DA:144,0
DA:145,0
DA:151,0
DA:152,0
DA:156,0
LF:66
LH:30
end_of_record
SF:lib/core/services/settings_local_datasource.dart
DA:27,0
DA:29,0
DA:30,0
DA:38,0
DA:39,0
DA:41,0
DA:44,0
DA:45,0
DA:50,0
DA:52,0
DA:53,0
DA:54,0
DA:58,0
DA:59,0
DA:64,0
DA:65,0
DA:66,0
DA:69,0
DA:70,0
DA:71,0
DA:73,0
DA:77,0
DA:78,0
DA:79,0
DA:82,0
DA:83,0
DA:84,0
DA:87,0
DA:88,0
DA:89,0
DA:92,0
DA:93,0
DA:94,0
DA:97,0
DA:98,0
DA:99,0
DA:102,0
DA:103,0
DA:104,0
DA:109,0
DA:110,0
DA:111,0
DA:114,0
DA:115,0
DA:116,0
DA:119,0
DA:120,0
DA:121,0
DA:124,0
DA:127,0
DA:129,0
DA:130,0
DA:135,0
DA:136,0
DA:141,0
DA:142,0
DA:147,0
DA:148,0
DA:154,0
DA:159,1
DA:161,1
DA:162,1
DA:163,1
DA:165,0
DA:169,1
DA:171,1
DA:172,1
DA:175,0
DA:179,1
DA:181,1
DA:182,1
DA:183,1
DA:185,0
DA:189,1
DA:193,1
DA:194,1
DA:197,0
DA:201,1
DA:203,1
DA:204,1
DA:205,1
DA:207,0
DA:211,1
DA:213,1
DA:214,1
DA:217,0
DA:222,1
DA:224,1
DA:225,1
DA:226,1
DA:228,0
DA:232,1
DA:234,1
DA:235,1
DA:238,0
DA:242,1
DA:244,1
DA:245,1
DA:246,1
DA:248,0
DA:252,1
DA:254,1
DA:255,1
DA:258,0
DA:263,1
DA:265,1
DA:266,1
DA:267,1
DA:269,0
DA:273,1
DA:275,1
DA:276,1
DA:279,0
DA:283,1
DA:285,1
DA:286,1
DA:287,1
DA:289,0
DA:293,1
DA:295,1
DA:296,1
DA:299,0
LF:122
LH:49
end_of_record
SF:lib/core/services/llm/llm_service.dart
DA:20,6
DA:22,2
DA:23,2
DA:26,2
DA:29,2
DA:36,2
DA:40,0
DA:44,2
DA:48,0
DA:52,0
DA:53,2
DA:55,2
DA:56,2
DA:62,2
DA:63,6
DA:66,1
DA:68,2
DA:71,0
DA:72,0
DA:74,1
DA:75,2
DA:77,1
DA:79,2
DA:82,0
DA:84,0
DA:87,0
DA:89,0
DA:92,0
DA:100,0
DA:102,0
DA:105,0
DA:106,0
DA:107,0
DA:110,0
DA:111,0
DA:113,0
DA:117,0
DA:121,0
DA:122,0
DA:127,0
DA:128,0
DA:133,0
DA:134,0
DA:135,0
DA:137,0
DA:139,0
DA:143,0
DA:144,0
DA:149,0
DA:151,0
DA:153,0
DA:155,0
DA:157,0
DA:158,0
DA:159,0
DA:161,0
DA:165,0
DA:170,2
DA:179,4
DA:188,0
DA:196,0
DA:197,0
DA:198,0
DA:203,0
DA:204,0
DA:206,0
DA:207,0
DA:208,0
DA:209,0
DA:211,0
DA:212,0
DA:213,0
DA:216,0
DA:217,0
DA:218,0
DA:219,0
DA:223,0
DA:225,0
DA:226,0
DA:233,0
DA:234,0
DA:235,0
DA:236,0
DA:237,0
DA:241,0
DA:242,0
DA:247,0
DA:248,0
DA:249,0
DA:251,0
DA:253,0
DA:256,0
DA:258,0
DA:260,0
DA:262,0
DA:264,0
DA:267,0
DA:269,0
DA:270,0
DA:274,0
DA:276,0
DA:277,0
DA:279,0
DA:280,0
DA:284,0
DA:286,0
DA:289,0
DA:290,0
DA:294,0
DA:298,0
DA:299,0
DA:300,0
DA:303,0
DA:304,0
DA:309,0
DA:312,0
DA:313,0
DA:314,0
DA:315,0
DA:316,0
DA:317,0
DA:323,0
DA:324,0
DA:331,0
DA:332,0
DA:336,0
DA:338,0
DA:339,0
DA:342,0
DA:345,0
DA:350,0
DA:354,0
DA:356,0
DA:359,0
DA:367,0
DA:369,0
DA:376,0
DA:377,0
DA:379,0
DA:380,0
DA:383,0
DA:384,0
DA:386,0
DA:390,0
DA:397,0
DA:399,0
DA:404,0
LF:147
LH:20
end_of_record
SF:lib/l10n/localization_manager.dart
DA:6,18
DA:7,12
DA:8,6
DA:11,0
DA:13,5
DA:15,6
DA:16,8
DA:18,2
DA:22,4
DA:23,4
DA:24,0
DA:26,4
DA:29,5
DA:31,5
DA:32,0
DA:33,5
DA:34,5
DA:36,0
DA:42,12
DA:44,0
LF:20
LH:15
end_of_record
SF:lib/core/services/llm/llm_stream_chunk.dart
DA:21,1
DA:22,1
LF:2
LH:2
end_of_record
SF:lib/core/services/llm/llm_stream_chunk.g.dart
DA:9,1
DA:10,1
DA:11,1
DA:12,1
DA:13,1
DA:16,1
DA:17,1
DA:18,1
DA:19,1
DA:20,1
DA:23,0
DA:24,0
DA:25,0
DA:26,0
DA:29,0
DA:31,0
DA:32,0
DA:33,0
DA:36,0
DA:38,0
DA:40,0
DA:42,0
LF:22
LH:10
end_of_record
SF:lib/core/services/llm/llm_streaming_service.dart
DA:19,2
DA:28,2
DA:36,2
DA:42,2
DA:43,2
DA:44,6
DA:47,2
DA:48,4
DA:50,2
DA:55,2
DA:59,0
DA:60,0
DA:65,2
DA:66,8
DA:71,4
DA:72,2
DA:74,6
DA:76,6
DA:78,4
DA:80,4
DA:83,4
DA:84,4
DA:85,2
DA:86,4
DA:89,6
DA:94,0
DA:95,0
DA:96,0
DA:97,0
DA:98,0
DA:99,0
DA:101,0
DA:102,0
DA:104,0
DA:110,0
DA:111,0
DA:112,0
DA:115,0
DA:117,0
DA:119,0
DA:120,0
DA:122,0
DA:124,0
DA:126,0
DA:130,0
DA:131,0
DA:137,0
DA:142,0
LF:48
LH:23
end_of_record
SF:lib/core/services/prompt_datasource.dart
DA:11,0
DA:12,0
DA:15,0
DA:20,0
DA:25,0
DA:30,0
DA:35,0
DA:40,0
DA:45,0
DA:52,0
DA:53,0
DA:55,0
DA:59,0
DA:60,0
DA:61,0
DA:62,0
DA:66,0
DA:69,0
DA:74,0
DA:75,0
DA:76,0
DA:78,0
LF:22
LH:0
end_of_record
SF:lib/core/services/stream_processor/json_stream_extractor.dart
DA:13,1
DA:14,2
DA:20,2
DA:21,2
DA:25,1
DA:26,1
DA:28,5
DA:29,2
DA:33,1
DA:36,1
DA:39,2
DA:40,4
DA:44,1
DA:45,0
DA:46,0
DA:47,0
DA:52,0
DA:54,0
DA:61,0
DA:62,0
DA:71,0
DA:72,0
DA:76,1
DA:77,2
DA:81,0
DA:82,0
DA:86,0
DA:87,0
DA:91,2
DA:92,4
DA:93,4
DA:97,0
LF:32
LH:18
end_of_record
SF:lib/core/services/stream_processor/sentence_chunk.dart
DA:25,0
DA:26,0
LF:2
LH:0
end_of_record
SF:lib/core/services/stream_processor/sentence_chunk.g.dart
DA:9,0
DA:11,0
DA:12,0
DA:13,0
DA:14,0
DA:17,0
DA:19,0
DA:20,0
DA:21,0
DA:22,0
DA:25,0
DA:27,0
DA:28,0
DA:29,0
DA:32,0
DA:34,0
DA:36,0
DA:38,0
DA:40,0
DA:42,0
DA:44,0
DA:45,0
DA:46,0
DA:47,0
DA:50,0
DA:51,0
DA:52,0
DA:53,0
LF:28
LH:0
end_of_record
SF:lib/core/services/stream_processor/sentence_splitter.dart
DA:3,3
DA:14,1
DA:15,1
DA:16,2
DA:18,1
DA:20,3
DA:21,2
DA:24,1
DA:25,2
DA:27,3
DA:28,0
DA:29,0
DA:30,0
DA:31,0
DA:33,0
DA:38,2
DA:44,0
DA:47,0
DA:50,2
DA:51,2
DA:52,2
DA:56,1
DA:57,1
DA:58,3
DA:59,3
DA:61,1
LF:26
LH:19
end_of_record
SF:lib/core/services/stream_processor/stream_processor_service.dart
DA:16,2
DA:22,4
DA:24,2
DA:25,1
DA:26,1
DA:29,2
DA:37,1
DA:38,1
DA:41,1
DA:42,0
DA:43,0
DA:44,0
DA:47,0
DA:48,0
DA:55,2
DA:56,2
DA:57,2
DA:58,1
DA:59,1
DA:61,1
DA:69,2
DA:70,2
DA:71,1
DA:72,1
DA:73,1
DA:79,1
DA:84,1
DA:85,2
DA:86,2
DA:88,0
DA:89,0
DA:91,0
DA:92,0
DA:93,0
DA:94,0
DA:95,0
DA:102,0
DA:103,0
DA:104,0
DA:105,0
DA:106,0
DA:112,0
DA:118,4
DA:124,4
DA:125,4
LF:45
LH:27
end_of_record
SF:lib/features/chat/domain/services/chat_entry_service.dart
DA:14,0
DA:24,0
DA:29,0
DA:30,0
DA:31,0
DA:35,0
DA:37,0
DA:38,0
DA:41,0
LF:9
LH:0
end_of_record
SF:lib/features/chat/domain/services/waiting_sentences_cache_datasource.dart
DA:8,1
DA:11,1
DA:12,2
DA:14,0
DA:16,0
DA:17,0
DA:19,0
DA:20,0
DA:25,0
DA:29,0
DA:30,0
DA:31,0
DA:34,0
DA:35,0
DA:36,0
LF:15
LH:3
end_of_record
SF:lib/features/chat/presentation/bloc/chat_audio_cubit.dart
DA:17,6
DA:22,1
DA:23,2
DA:24,0
DA:30,1
DA:35,0
DA:36,0
DA:42,4
DA:45,0
DA:50,0
DA:55,1
DA:56,1
DA:57,2
DA:59,1
DA:60,4
DA:64,1
DA:66,3
DA:67,1
DA:68,3
DA:70,4
LF:20
LH:15
end_of_record
SF:lib/features/chat/presentation/bloc/chat_audio_state.dart
DA:13,3
LF:1
LH:1
end_of_record
SF:lib/features/chat/presentation/bloc/chat_message_cubit.dart
DA:22,3
DA:27,6
DA:29,13
DA:30,2
DA:34,14
DA:35,4
DA:43,2
DA:44,0
DA:50,2
DA:51,4
DA:52,4
DA:54,2
DA:55,4
DA:56,2
DA:57,2
DA:58,2
DA:59,2
DA:60,2
DA:65,2
DA:67,2
DA:68,2
DA:69,2
DA:70,2
DA:71,1
DA:72,1
DA:73,1
DA:80,0
DA:83,0
DA:88,0
DA:91,0
DA:96,1
DA:97,2
DA:100,3
DA:103,1
DA:104,2
DA:109,1
DA:117,2
DA:127,3
DA:129,6
DA:130,6
DA:131,3
LF:41
LH:36
end_of_record
SF:lib/features/chat/presentation/bloc/chat_message_state.dart
DA:26,3
LF:1
LH:1
end_of_record
SF:lib/features/chat/presentation/bloc/chat_streaming_cubit.dart
DA:34,2
DA:52,4
DA:54,10
DA:57,6
DA:58,1
DA:59,3
DA:88,1
DA:98,2
DA:100,1
DA:101,3
DA:108,1
DA:110,1
DA:113,3
DA:114,1
DA:118,2
DA:119,3
DA:121,0
DA:123,2
DA:129,2
DA:130,1
DA:131,3
DA:133,1
DA:134,2
DA:135,0
DA:137,1
DA:138,1
DA:141,1
DA:144,5
DA:145,0
DA:148,2
DA:149,2
DA:151,0
DA:152,0
DA:162,2
DA:164,1
DA:168,1
DA:170,1
DA:171,1
DA:172,1
DA:179,1
DA:182,1
DA:183,1
DA:184,1
DA:185,1
DA:187,2
DA:188,0
DA:194,1
DA:195,3
DA:200,0
DA:201,0
DA:202,0
DA:203,0
DA:204,0
DA:206,0
DA:207,0
DA:212,0
DA:215,0
DA:216,0
DA:217,0
DA:225,2
DA:227,1
DA:231,1
DA:232,2
DA:233,2
DA:234,1
DA:239,1
DA:240,1
DA:241,0
DA:242,0
DA:243,0
DA:245,0
DA:246,0
DA:249,0
DA:250,0
DA:252,0
DA:254,0
DA:255,0
DA:257,0
DA:258,0
DA:259,0
DA:266,0
DA:269,0
DA:273,0
DA:275,0
DA:276,0
DA:279,0
DA:280,0
DA:281,0
DA:285,1
DA:286,2
DA:292,2
DA:293,1
DA:296,2
DA:297,3
DA:298,2
DA:299,0
DA:301,1
DA:302,3
DA:308,3
DA:310,1
DA:311,0
DA:312,0
DA:317,0
DA:322,0
DA:323,0
DA:325,0
DA:333,0
DA:335,0
DA:336,0
LF:109
LH:61
end_of_record
SF:lib/features/chat/presentation/bloc/chat_streaming_state.dart
DA:24,3
LF:1
LH:1
end_of_record
SF:lib/features/chat/presentation/bloc/chat_title_cubit.dart
DA:18,0
DA:23,0
DA:34,0
DA:36,0
DA:39,0
DA:42,0
DA:43,0
DA:44,0
DA:49,0
DA:50,0
DA:53,0
DA:55,0
DA:57,0
DA:60,0
DA:61,0
DA:63,0
DA:68,0
DA:70,0
DA:71,0
DA:75,0
DA:76,0
DA:77,0
DA:84,0
DA:85,0
DA:90,0
DA:91,0
DA:97,0
DA:98,0
DA:99,0
DA:107,0
DA:108,0
DA:109,0
DA:110,0
DA:111,0
DA:114,0
DA:116,0
DA:117,0
DA:118,0
DA:119,0
DA:120,0
DA:123,0
DA:132,0
DA:134,0
DA:137,0
DA:140,0
DA:141,0
LF:46
LH:0
end_of_record
SF:lib/features/chat/presentation/bloc/chat_title_state.dart
DA:7,0
DA:20,0
LF:2
LH:0
end_of_record
SF:lib/features/chat/widgets/floating_stop_button.dart
DA:12,1
DA:14,1
DA:16,2
DA:17,1
DA:18,1
DA:20,2
DA:26,1
DA:28,1
DA:30,1
DA:31,1
DA:32,1
DA:33,3
LF:12
LH:12
end_of_record
SF:lib/features/sound/data/datasources/tts_datasource.dart
DA:14,0
DA:15,0
DA:20,0
DA:21,0
DA:23,0
DA:34,0
DA:35,0
DA:39,0
DA:40,0
DA:42,0
DA:45,0
DA:47,0
DA:48,0
DA:50,0
DA:53,0
DA:56,0
DA:59,0
DA:60,0
DA:64,0
DA:70,0
DA:71,0
DA:75,0
DA:77,0
DA:84,0
DA:93,0
DA:98,0
DA:107,0
DA:115,0
DA:119,0
DA:120,0
DA:121,0
DA:122,0
DA:123,0
DA:124,0
DA:125,0
DA:126,0
DA:128,0
DA:130,0
DA:137,0
DA:144,0
DA:145,0
DA:146,0
DA:148,0
DA:149,0
DA:154,0
DA:155,0
DA:156,0
DA:157,0
DA:161,0
DA:162,0
DA:163,0
DA:167,0
DA:168,0
DA:178,0
DA:179,0
LF:55
LH:0
end_of_record
SF:lib/l10n/language_en.dart
DA:5,0
DA:7,1
DA:9,2
DA:11,1
DA:13,0
DA:16,0
DA:18,0
DA:20,0
DA:22,0
DA:24,0
DA:26,0
DA:29,0
DA:32,0
DA:34,1
DA:36,0
DA:38,0
DA:40,0
DA:42,0
DA:44,0
DA:48,0
DA:50,0
DA:52,0
DA:54,0
DA:56,0
DA:58,0
DA:60,0
DA:63,0
DA:65,0
DA:67,0
DA:71,0
DA:75,0
DA:80,0
DA:82,2
DA:85,2
DA:87,2
DA:89,2
DA:92,2
DA:94,2
DA:96,2
DA:98,2
DA:101,2
DA:103,2
DA:105,2
DA:107,0
LF:44
LH:15
end_of_record
SF:lib/l10n/languages.dart
DA:4,0
DA:5,0
LF:2
LH:0
end_of_record
SF:lib/l10n/language_fr.dart
DA:5,0
DA:7,0
DA:9,0
DA:11,0
DA:13,0
DA:16,0
DA:18,0
DA:21,0
DA:23,0
DA:25,0
DA:27,0
DA:30,0
DA:33,0
DA:35,0
DA:37,0
DA:39,0
DA:41,0
DA:43,0
DA:45,0
DA:49,0
DA:51,0
DA:53,0
DA:55,0
DA:57,0
DA:59,0
DA:61,0
DA:64,0
DA:67,0
DA:70,0
DA:74,0
DA:78,0
DA:83,0
DA:85,0
DA:88,0
DA:90,0
DA:92,0
DA:95,0
DA:97,0
DA:99,0
DA:101,0
DA:104,0
DA:106,0
DA:109,0
DA:111,0
LF:44
LH:0
end_of_record
SF:lib/features/chat/presentation/bloc/chats_cubit.dart
DA:18,2
DA:25,4
DA:32,1
DA:33,1
DA:34,1
DA:35,4
DA:39,1
DA:40,1
DA:41,1
DA:42,1
DA:43,0
DA:44,1
DA:45,4
DA:48,1
DA:49,1
DA:50,1
DA:51,0
DA:52,5
DA:57,2
DA:58,8
DA:59,2
DA:60,2
DA:62,2
DA:63,0
DA:64,0
DA:65,0
DA:67,0
DA:71,2
DA:72,2
DA:73,6
DA:84,0
DA:85,0
DA:86,0
DA:87,0
DA:88,0
DA:89,0
DA:90,0
DA:91,0
DA:93,0
DA:97,0
DA:98,0
DA:99,0
DA:105,0
DA:106,0
DA:107,0
DA:108,0
DA:109,0
DA:110,0
DA:111,0
DA:112,0
DA:114,0
DA:118,0
DA:119,0
DA:120,0
DA:122,0
DA:127,0
DA:133,0
DA:134,0
DA:135,0
DA:136,0
DA:137,0
DA:138,0
DA:139,0
DA:141,0
DA:145,0
DA:146,0
DA:147,0
DA:148,0
DA:154,1
DA:155,4
DA:156,2
DA:157,3
DA:158,1
DA:159,3
DA:160,3
DA:161,3
DA:162,3
DA:163,3
DA:165,2
DA:166,4
DA:167,3
DA:171,1
DA:172,4
DA:173,2
DA:174,2
DA:175,3
DA:177,4
DA:178,4
DA:182,1
DA:183,1
DA:184,1
DA:185,1
DA:186,0
DA:187,0
DA:193,1
DA:194,2
DA:195,4
DA:201,1
DA:202,1
DA:203,1
DA:204,1
DA:205,0
DA:206,0
DA:212,1
DA:213,4
DA:219,1
DA:220,6
DA:224,1
DA:225,4
DA:226,3
DA:230,1
DA:231,4
DA:235,0
DA:236,0
DA:240,0
DA:241,0
DA:245,0
DA:246,0
DA:251,0
DA:252,0
DA:253,0
DA:262,0
DA:263,0
DA:264,0
DA:265,0
DA:266,0
DA:267,0
DA:271,0
DA:277,0
DA:286,0
DA:287,0
DA:295,1
DA:296,1
DA:304,1
DA:305,1
DA:309,1
DA:310,2
DA:311,1
DA:313,4
LF:139
LH:72
end_of_record
SF:lib/features/chat/presentation/bloc/chats_state.dart
DA:40,3
LF:1
LH:1
end_of_record
SF:lib/features/avatar/presentation/bloc/avatar_cubit.dart
DA:13,1
DA:14,1
DA:18,1
DA:19,1
DA:20,1
DA:21,3
DA:30,1
DA:31,3
DA:32,4
DA:35,0
DA:36,0
DA:37,0
DA:40,0
DA:41,0
DA:45,0
DA:47,0
DA:48,0
DA:53,0
DA:54,0
DA:55,0
DA:56,0
DA:58,0
DA:59,0
DA:60,0
DA:61,0
DA:63,0
DA:67,1
DA:68,1
DA:69,3
DA:73,4
DA:82,0
DA:83,0
DA:84,0
DA:85,0
DA:87,0
DA:88,0
DA:89,0
DA:90,0
DA:93,0
DA:94,0
DA:95,0
DA:99,0
DA:103,0
DA:104,0
DA:105,0
DA:106,0
DA:107,0
DA:108,0
DA:109,0
DA:110,0
DA:112,0
DA:113,0
DA:116,0
DA:119,0
DA:122,1
DA:123,4
DA:126,8
LF:57
LH:16
end_of_record
SF:lib/features/avatar/presentation/bloc/avatar_state.dart
DA:20,2
LF:1
LH:1
end_of_record
SF:lib/features/chat/screens/chats_list_screen.dart
DA:14,1
DA:16,1
DA:17,1
DA:21,1
DA:23,1
DA:25,3
DA:28,1
DA:30,1
DA:31,0
DA:32,0
DA:34,0
DA:35,0
DA:37,0
DA:40,1
DA:41,1
DA:42,2
DA:43,1
DA:44,1
DA:45,1
DA:53,1
DA:54,1
DA:57,1
DA:60,2
DA:61,1
DA:63,1
DA:64,1
DA:65,1
LF:27
LH:22
end_of_record
SF:lib/features/chat/widgets/chat_list_container.dart
DA:20,1
DA:29,1
DA:31,1
DA:32,1
DA:33,1
DA:34,1
DA:36,2
DA:37,1
DA:38,2
DA:39,4
DA:41,1
DA:42,1
DA:43,2
DA:46,1
DA:51,2
DA:52,0
DA:53,0
DA:54,0
DA:55,0
DA:64,0
DA:65,0
DA:66,0
DA:67,0
DA:70,0
DA:71,0
DA:73,0
DA:75,0
DA:78,0
DA:79,0
DA:80,0
DA:83,0
DA:84,0
DA:85,0
DA:94,1
DA:95,4
DA:98,0
DA:99,0
DA:103,0
DA:104,0
DA:105,0
DA:107,0
DA:108,0
DA:110,0
DA:111,0
DA:112,0
DA:115,0
DA:116,0
DA:119,0
DA:122,1
DA:124,0
DA:125,0
DA:126,0
DA:127,0
DA:128,0
DA:129,0
DA:130,0
LF:56
LH:18
end_of_record
SF:lib/features/chat/widgets/chat_list_empty_state.dart
DA:8,1
DA:10,1
DA:12,1
DA:13,1
DA:14,1
DA:17,1
DA:18,1
DA:19,1
DA:20,1
DA:21,1
DA:24,1
DA:25,1
DA:26,1
DA:30,1
DA:32,1
DA:33,1
DA:36,1
DA:39,1
DA:40,2
DA:41,4
DA:42,1
DA:47,1
DA:50,4
DA:51,1
LF:24
LH:24
end_of_record
SF:lib/core/router/route_constants.dart
DA:3,0
LF:1
LH:0
end_of_record
SF:lib/features/chat/widgets/chats_list_app_bar.dart
DA:11,1
DA:13,1
DA:15,1
DA:17,1
DA:18,1
DA:19,1
DA:20,1
DA:21,1
DA:24,1
DA:25,1
DA:26,1
DA:31,1
DA:32,1
DA:33,1
DA:35,0
DA:38,1
DA:39,2
DA:40,3
DA:43,1
DA:44,1
DA:45,1
DA:46,1
DA:47,1
DA:48,1
DA:51,1
DA:52,1
DA:53,1
DA:57,1
DA:59,0
DA:60,0
LF:30
LH:27
end_of_record
SF:lib/features/chat/widgets/chat_card.dart
DA:10,1
DA:27,1
DA:29,1
DA:30,1
DA:31,1
DA:34,1
DA:35,2
DA:36,2
DA:39,1
DA:40,1
DA:41,1
DA:42,1
DA:43,1
DA:44,1
DA:46,1
DA:47,1
DA:48,1
DA:49,1
DA:51,1
DA:56,1
DA:57,1
DA:58,1
DA:59,1
DA:60,1
DA:62,1
DA:63,1
DA:64,2
DA:66,1
DA:67,1
DA:68,1
DA:69,1
DA:70,1
DA:71,1
DA:75,1
DA:77,1
DA:90,1
DA:94,1
DA:96,1
DA:100,1
DA:102,1
DA:107,2
DA:114,1
DA:126,1
DA:128,1
DA:130,1
DA:131,1
DA:132,1
DA:133,4
DA:135,1
DA:141,1
DA:142,1
DA:143,1
DA:144,2
DA:145,4
DA:146,1
DA:149,2
DA:150,0
DA:152,0
DA:153,0
DA:156,0
DA:157,0
DA:158,0
DA:159,0
LF:63
LH:56
end_of_record
SF:lib/features/chat/widgets/chat_dismissible_background.dart
DA:7,1
DA:9,0
DA:11,0
DA:14,0
DA:15,0
DA:16,0
DA:17,0
DA:18,0
LF:8
LH:1
end_of_record
SF:lib/features/chat/widgets/chat_list_item.dart
DA:9,1
DA:30,1
DA:32,1
DA:34,1
DA:35,3
DA:37,0
DA:38,0
DA:40,1
DA:42,1
DA:43,1
DA:44,1
DA:45,1
DA:46,1
DA:47,1
DA:48,1
DA:49,1
DA:50,1
DA:51,1
LF:18
LH:16
end_of_record
SF:lib/features/sound/presentation/bloc/sound_cubit.dart
DA:10,1
DA:12,1
DA:14,1
DA:16,2
DA:17,2
DA:20,1
DA:21,1
DA:22,3
DA:23,1
DA:25,1
DA:26,1
DA:30,0
LF:12
LH:11
end_of_record
SF:lib/features/talking/data/repositories/talking_repository_impl.dart
DA:6,1
DA:10,1
DA:12,2
DA:15,1
DA:17,2
DA:20,1
DA:22,2
LF:7
LH:7
end_of_record
SF:lib/core/services/audio/tts_service.dart
DA:6,2
DA:8,3
DA:9,3
DA:11,2
DA:12,2
DA:13,2
DA:16,2
DA:17,2
DA:18,2
DA:21,2
DA:22,2
DA:25,2
DA:27,2
DA:30,2
LF:14
LH:14
end_of_record
SF:lib/features/settings/presentation/bloc/settings_cubit.dart
DA:14,2
DA:19,4
DA:25,1
DA:27,2
DA:30,1
DA:33,1
DA:37,0
DA:38,0
DA:40,0
DA:49,1
DA:50,1
DA:51,1
DA:52,2
DA:53,1
DA:58,4
DA:59,5
DA:63,1
DA:64,1
DA:65,1
DA:66,1
DA:67,2
DA:72,5
DA:77,1
DA:78,1
DA:79,1
DA:80,1
DA:81,2
DA:86,1
DA:91,1
DA:92,1
DA:93,1
DA:94,1
DA:95,2
DA:100,1
DA:105,1
DA:106,2
DA:109,1
DA:110,2
DA:115,1
DA:120,1
DA:121,1
DA:122,1
DA:123,0
DA:124,0
DA:125,0
DA:126,0
DA:128,0
DA:129,0
DA:130,0
DA:132,0
DA:133,0
DA:142,1
DA:143,1
DA:144,1
DA:145,1
DA:146,0
DA:147,0
DA:151,5
DA:156,1
DA:157,1
DA:158,1
DA:159,1
DA:160,0
DA:161,0
DA:165,5
DA:170,1
DA:171,1
DA:172,1
DA:173,1
DA:174,0
DA:175,0
DA:179,5
DA:184,0
DA:185,0
DA:186,0
DA:187,0
DA:188,0
DA:190,0
DA:191,0
DA:193,0
DA:197,1
DA:198,1
DA:199,1
DA:200,1
DA:201,0
DA:202,0
DA:206,5
DA:211,0
DA:212,0
DA:213,0
DA:214,0
DA:215,0
DA:216,0
DA:220,0
DA:225,0
DA:226,0
DA:227,0
DA:228,0
DA:229,0
DA:231,0
DA:232,0
DA:234,0
DA:238,1
DA:239,1
DA:240,1
DA:241,1
DA:242,0
DA:243,0
DA:247,5
DA:252,0
DA:253,0
DA:254,0
DA:255,0
DA:256,0
DA:257,0
DA:261,0
DA:266,1
DA:267,1
DA:268,0
DA:269,0
LF:120
LH:66
end_of_record
SF:lib/features/settings/presentation/bloc/settings_state.dart
DA:24,2
LF:1
LH:1
end_of_record
SF:lib/features/settings/data/repositories/settings_repository_impl.dart
DA:12,0
DA:15,0
DA:16,0
DA:18,0
DA:22,0
DA:25,0
DA:28,0
DA:32,0
DA:35,0
DA:36,0
DA:38,0
DA:42,0
DA:45,0
DA:48,0
DA:52,0
DA:55,0
DA:56,0
DA:58,0
DA:62,0
DA:65,0
DA:68,0
DA:72,0
DA:75,0
DA:76,0
DA:78,0
DA:82,0
DA:85,0
DA:88,0
DA:92,0
DA:95,0
DA:96,0
DA:98,0
DA:102,0
DA:105,0
DA:108,0
DA:112,0
DA:114,0
DA:115,0
DA:116,0
DA:117,0
DA:118,0
DA:122,0
DA:124,0
DA:125,0
DA:126,0
DA:127,0
DA:128,0
DA:133,1
DA:135,1
DA:136,1
DA:137,1
DA:138,0
DA:139,3
DA:143,1
DA:145,1
DA:146,1
DA:147,1
DA:148,0
DA:149,1
DA:153,1
DA:155,1
DA:156,1
DA:157,1
DA:158,0
DA:159,3
DA:163,1
DA:165,1
DA:166,1
DA:167,1
DA:168,0
DA:169,1
DA:173,1
DA:175,1
DA:176,1
DA:177,1
DA:178,0
DA:179,2
DA:183,1
DA:185,1
DA:186,1
DA:187,1
DA:188,0
DA:189,1
DA:194,1
DA:196,1
DA:197,1
DA:198,1
DA:199,0
DA:200,3
DA:204,1
DA:206,1
DA:207,1
DA:208,1
DA:209,0
DA:210,1
DA:214,1
DA:216,1
DA:217,1
DA:218,1
DA:219,0
DA:220,2
DA:224,1
DA:226,1
DA:227,1
DA:228,1
DA:229,0
DA:230,1
DA:235,1
DA:237,1
DA:238,1
DA:239,1
DA:240,0
DA:241,3
DA:245,1
DA:247,1
DA:248,1
DA:249,1
DA:250,0
DA:251,1
DA:255,1
DA:257,1
DA:258,1
DA:259,1
DA:260,0
DA:261,2
DA:265,1
DA:267,1
DA:268,1
DA:269,1
DA:270,0
DA:271,1
LF:131
LH:70
end_of_record
SF:lib/core/services/agent/google_search_service.dart
DA:12,1
DA:18,2
DA:19,1
DA:22,2
DA:23,1
DA:24,2
DA:25,0
DA:26,0
DA:27,0
DA:28,0
DA:29,0
DA:30,0
DA:31,0
DA:36,1
DA:37,2
DA:41,2
DA:42,1
DA:46,1
DA:47,1
DA:50,1
DA:52,3
DA:53,1
DA:55,5
DA:56,1
DA:60,4
DA:61,1
LF:26
LH:19
end_of_record
SF:lib/core/services/agent/news_service.dart
DA:9,1
DA:11,1
DA:14,2
DA:15,1
DA:16,2
DA:17,0
DA:19,0
DA:20,0
DA:21,0
DA:23,0
DA:24,0
DA:25,0
DA:27,0
DA:29,2
DA:32,0
LF:15
LH:6
end_of_record
SF:lib/core/services/agent/weather_service.dart
DA:13,1
DA:18,1
DA:24,2
DA:26,0
DA:27,0
DA:28,0
DA:31,1
DA:32,0
DA:33,0
DA:34,0
DA:39,0
DA:40,0
DA:42,0
DA:43,0
DA:44,0
DA:45,0
DA:47,0
DA:48,0
DA:52,0
DA:54,0
DA:56,0
DA:59,1
DA:63,0
DA:66,0
DA:71,0
DA:73,0
DA:74,0
DA:75,0
DA:76,0
DA:82,0
DA:85,0
DA:87,0
DA:93,0
LF:33
LH:5
end_of_record
SF:lib/features/settings/screens/function_calling_config_screen.dart
DA:13,1
DA:15,2
DA:17,2
DA:36,2
DA:38,2
DA:39,2
DA:42,2
DA:43,4
DA:44,2
DA:47,6
DA:48,6
DA:49,6
DA:50,6
DA:53,2
DA:54,4
DA:57,6
DA:58,2
DA:59,4
DA:62,6
DA:63,2
DA:64,4
DA:69,6
DA:70,6
DA:74,6
DA:75,1
DA:76,2
DA:81,2
DA:82,6
DA:83,2
DA:84,6
DA:88,6
DA:92,2
DA:94,4
DA:95,4
DA:96,4
DA:97,4
DA:98,2
DA:101,2
DA:103,2
DA:104,2
DA:112,2
DA:113,2
DA:114,6
DA:115,2
DA:116,2
DA:117,2
DA:119,2
DA:121,2
DA:123,2
DA:124,4
DA:125,8
DA:126,2
DA:131,2
DA:132,2
DA:133,2
DA:134,2
DA:136,2
DA:137,4
DA:139,4
DA:141,2
DA:142,2
DA:143,2
DA:144,4
DA:148,2
DA:149,2
DA:150,4
DA:154,2
DA:155,2
DA:156,2
DA:158,2
DA:159,2
DA:165,2
DA:166,4
DA:168,4
DA:170,2
DA:171,2
DA:172,2
DA:173,4
DA:177,2
DA:178,2
DA:179,1
DA:181,1
DA:182,1
DA:188,2
DA:189,4
DA:190,4
DA:192,2
DA:193,2
DA:194,2
DA:195,4
DA:199,2
DA:200,2
DA:201,1
DA:203,1
DA:204,1
DA:224,2
DA:229,2
DA:231,2
DA:236,2
DA:242,2
DA:246,2
DA:248,2
DA:249,2
DA:250,4
DA:251,8
DA:253,2
LF:106
LH:106
end_of_record
SF:lib/features/settings/widgets/function_calling_section.dart
DA:5,2
DA:18,2
DA:20,2
DA:21,2
DA:23,2
DA:25,2
DA:27,2
DA:29,2
DA:30,2
DA:31,2
DA:32,4
DA:34,2
DA:35,2
DA:37,2
DA:38,2
DA:39,2
DA:40,6
DA:45,2
DA:46,2
DA:47,6
DA:48,2
DA:57,2
LF:22
LH:22
end_of_record
SF:lib/features/settings/widgets/settings_app_bar.dart
DA:8,2
DA:10,2
DA:12,2
DA:14,2
DA:15,2
DA:16,2
DA:17,2
DA:18,2
DA:21,2
DA:22,2
DA:23,2
DA:28,2
DA:29,2
DA:30,2
DA:32,3
DA:34,2
DA:36,2
DA:37,2
DA:38,2
DA:39,4
DA:40,6
DA:44,2
DA:45,2
DA:46,2
DA:47,2
DA:48,2
DA:49,2
DA:52,2
DA:53,2
DA:54,2
DA:58,2
DA:60,2
LF:32
LH:32
end_of_record
SF:lib/core/services/agent/calculator_tool.dart
DA:8,0
DA:11,0
DA:15,0
DA:16,0
DA:17,0
DA:24,0
DA:25,0
DA:27,1
DA:32,1
DA:35,1
DA:36,1
DA:37,1
DA:38,2
DA:39,1
DA:41,0
LF:15
LH:7
end_of_record
SF:lib/core/services/agent/character_counter_tool.dart
DA:6,0
DA:9,0
DA:13,0
DA:14,0
DA:15,0
DA:20,0
DA:27,0
DA:28,0
DA:30,1
DA:35,1
DA:36,1
DA:39,3
DA:40,4
DA:41,1
DA:44,1
LF:15
LH:7
end_of_record
SF:lib/core/services/agent/agent_tool.dart
DA:35,0
DA:36,0
DA:37,0
DA:38,0
DA:39,0
DA:40,0
DA:42,0
LF:7
LH:0
end_of_record
SF:lib/features/chat/widgets/ai_text_input/ai_text_input.dart
DA:30,1
DA:32,1
DA:33,1
DA:43,2
DA:45,1
DA:47,1
DA:48,1
DA:49,3
DA:50,2
DA:51,4
DA:56,1
DA:57,2
DA:59,2
DA:60,1
DA:61,0
DA:64,0
DA:65,0
DA:66,0
DA:70,1
DA:72,2
DA:73,1
DA:76,1
DA:78,2
DA:79,1
DA:80,1
DA:81,3
DA:82,1
DA:83,2
DA:84,2
DA:85,1
DA:86,2
DA:87,1
DA:93,1
DA:94,1
DA:95,1
DA:96,1
DA:97,1
DA:98,1
DA:100,1
DA:101,3
DA:102,5
DA:104,3
DA:105,3
DA:108,5
DA:111,0
DA:112,0
DA:113,0
DA:121,1
DA:122,1
DA:123,1
DA:124,0
DA:125,1
DA:126,1
DA:127,1
DA:128,2
DA:130,0
DA:133,1
DA:134,1
DA:135,1
DA:136,1
DA:139,1
DA:140,1
DA:141,1
DA:142,0
DA:143,0
DA:148,2
DA:149,2
DA:151,1
DA:153,1
DA:154,1
DA:155,1
DA:156,1
DA:157,1
DA:160,1
DA:161,0
DA:162,0
DA:179,1
DA:183,1
DA:184,1
DA:185,2
DA:186,2
DA:187,1
DA:188,1
DA:189,1
DA:191,1
DA:193,0
DA:194,0
DA:196,0
DA:204,1
DA:205,1
DA:206,0
DA:207,0
DA:208,0
DA:210,0
DA:211,0
DA:218,0
DA:221,0
DA:224,0
DA:231,0
DA:232,0
DA:234,0
DA:235,0
DA:236,0
DA:240,0
DA:241,0
DA:245,0
DA:251,0
DA:252,0
DA:254,0
DA:255,0
DA:262,0
DA:267,0
DA:268,0
DA:269,0
DA:272,0
DA:273,0
DA:274,0
DA:275,0
DA:276,0
DA:277,0
DA:281,0
DA:283,0
DA:288,0
DA:289,0
DA:290,0
DA:295,0
DA:298,0
LF:127
LH:74
end_of_record
SF:lib/core/widgets/app_icon_button.dart
DA:9,1
DA:24,1
DA:25,1
DA:33,1
DA:35,1
DA:36,0
DA:37,0
DA:38,1
DA:39,0
DA:40,0
DA:41,0
DA:42,0
DA:44,0
DA:45,1
DA:48,2
DA:49,2
DA:50,1
DA:51,1
DA:54,1
DA:55,1
DA:56,1
DA:58,1
DA:62,1
DA:63,1
DA:65,1
DA:71,1
DA:72,1
DA:73,1
DA:74,1
DA:76,1
DA:82,1
DA:83,2
DA:84,0
DA:85,0
DA:91,1
DA:92,1
DA:93,1
DA:94,1
DA:95,1
DA:96,2
DA:97,1
DA:98,2
DA:99,2
DA:100,1
DA:102,1
DA:103,1
DA:104,1
DA:107,2
DA:109,1
DA:110,2
DA:111,2
LF:51
LH:42
end_of_record
SF:lib/core/widgets/current_prompt_text.dart
DA:7,1
DA:9,1
DA:11,1
DA:12,1
DA:14,1
DA:15,1
DA:16,1
DA:18,1
DA:19,1
LF:9
LH:9
end_of_record
SF:lib/core/widgets/glassmorphic/animated_icon_button.dart
DA:11,0
DA:19,0
DA:20,0
DA:28,0
DA:30,0
DA:31,0
DA:36,0
DA:37,0
DA:40,0
DA:41,0
DA:45,0
DA:47,0
DA:48,0
DA:49,0
DA:50,0
DA:51,0
DA:52,0
DA:56,0
DA:58,0
DA:59,0
DA:62,0
DA:64,0
DA:65,0
DA:66,0
DA:67,0
DA:68,0
DA:69,0
DA:71,0
DA:73,0
DA:74,0
DA:79,0
DA:80,0
DA:81,0
DA:82,0
DA:83,0
DA:84,0
DA:87,0
LF:37
LH:0
end_of_record
SF:lib/core/widgets/glassmorphic/glassmorphic_text_field.dart
DA:27,1
DA:49,1
DA:50,1
DA:63,1
DA:65,1
DA:66,3
DA:67,3
DA:69,3
DA:70,3
DA:72,2
DA:77,3
DA:78,2
DA:81,3
DA:82,2
DA:85,2
DA:88,1
DA:89,2
DA:90,3
DA:94,1
DA:95,3
DA:96,2
DA:97,0
DA:98,0
DA:103,1
DA:105,2
DA:106,2
DA:107,0
DA:109,2
DA:110,0
DA:112,1
DA:115,1
DA:117,1
DA:118,1
DA:119,1
DA:120,1
DA:121,1
DA:122,1
DA:123,1
DA:124,1
DA:125,1
DA:126,1
DA:127,3
DA:132,1
DA:133,1
DA:134,3
DA:140,1
DA:141,1
DA:142,1
DA:148,1
DA:149,1
DA:150,1
DA:151,1
DA:152,1
DA:153,1
DA:156,1
DA:157,1
DA:158,1
DA:160,1
DA:161,1
DA:165,1
DA:166,1
DA:167,1
DA:170,3
DA:171,1
DA:172,1
DA:173,1
DA:176,1
DA:177,1
DA:178,1
DA:181,1
DA:182,1
DA:183,1
DA:184,2
DA:185,2
DA:186,2
DA:187,2
DA:188,2
DA:191,1
DA:197,2
DA:198,2
DA:199,1
DA:200,2
DA:201,1
DA:204,1
DA:206,2
DA:207,1
DA:210,1
DA:212,1
DA:220,2
DA:221,1
DA:235,1
DA:236,1
DA:238,2
DA:239,0
DA:240,0
DA:242,0
DA:244,0
DA:249,3
DA:250,0
DA:251,0
DA:253,0
DA:254,0
DA:255,0
DA:261,2
DA:262,0
DA:265,1
DA:267,0
LF:107
LH:92
end_of_record
SF:lib/core/widgets/picker_buttons.dart
DA:15,1
DA:17,1
DA:19,1
DA:21,1
DA:23,1
DA:24,1
DA:28,2
DA:29,0
DA:31,0
DA:32,0
DA:36,1
DA:41,0
DA:42,0
DA:43,0
DA:49,0
DA:50,0
DA:54,0
DA:55,0
DA:57,0
DA:63,0
DA:64,0
DA:68,0
DA:70,0
DA:73,0
DA:74,0
DA:75,0
DA:76,0
DA:77,0
LF:28
LH:8
end_of_record
SF:lib/features/chat/widgets/function_calling_widget.dart
DA:9,0
DA:11,0
DA:13,0
DA:14,0
DA:15,0
DA:16,0
DA:17,0
DA:18,0
DA:20,0
DA:21,0
DA:22,0
DA:23,0
DA:25,0
DA:27,0
DA:29,0
DA:31,0
DA:32,0
DA:33,0
DA:35,0
DA:38,0
DA:39,0
DA:40,0
DA:41,0
DA:42,0
DA:43,0
LF:25
LH:0
end_of_record
SF:lib/features/chat/widgets/ai_text_input/picked_image_preview.dart
DA:7,0
DA:11,0
DA:13,0
DA:15,0
DA:16,0
DA:17,0
DA:18,0
LF:7
LH:0
end_of_record
